<?xml version="1.0" encoding="UTF-8"?>
<testsuite name="AnalyzerTest" tests="1" skipped="0" failures="0" errors="0" timestamp="2020-05-17T04:19:06" hostname="Les-MacBook-Air.local" time="0.008">
  <properties/>
  <testcase name="example" classname="AnalyzerTest" time="0.008"/>
  <system-out><![CDATA[]]></system-out>
  <system-err><![CDATA[]]></system-err>
</testsuite>
