<?xml version="1.0" encoding="UTF-8"?>
<testsuite name="ScopedMapTest" tests="1" skipped="0" failures="0" errors="0" timestamp="2020-05-17T04:19:06" hostname="Les-MacBook-Air.local" time="0.001">
  <properties/>
  <testcase name="test" classname="ScopedMapTest" time="0.001"/>
  <system-out><![CDATA[]]></system-out>
  <system-err><![CDATA[]]></system-err>
</testsuite>
